Special WARNNING: 0th information of all vector is RESERVED 
Analyse from dana.cpp: 
Num_files = 3; nAtoms = 80; steps_frame  = 10000 * 10 (for cut[0]); 
md_dt = 0.001; RunTime = 200 * 10000 (Num_frames * steps_frame )

data from 001u.lammpstrj: 
time(dt = 100)		Re[003][P001]		Ang[003][P001]		
2000	5.45972  -20.0014  
4000	3.60579  -18.1405  
6000	4.77663  -15.0774  
8000	6.93335  -14.1351  
10000	10.7185  -15.1641  
12000	5.44724  -11.1593  
14000	4.13712  -7.06197  
16000	7.11666  -4.96902  
18000	9.45562  -2.65047  
20000	4.49274  0.387272  
 "Rg* 4": 00:00:00 --> 131.621 Tau/ms

time(dt = 100)		[F003][P000]	[F003][P001]	[F003][P040]	[F003][P080]	
1000 	0.114423  20.8407  12.3901  0.710554  
2000 	0.307152  62.1909  35.8037  2.02509  
3000 	0.502279  102.423  55.5114  3.80436  
4000 	0.632093  119.193  56.2668  5.5968  
5000 	0.700641  104.046  42.7792  7.2952  
6000 	0.742668  63.0785  23.1892  8.41886  
7000 	0.709586  23.4019  8.53821  9.18402  
8000 	0.656456  3.45209  8.3856  9.56726  
9000 	0.764687  19.2607  22.5845  9.72066  
10000 	0.884658  54.4755  33.5897  9.59378  
 "MSD": 00:00:00 --> 5107.25 Tau/ms

data from 002u.lammpstrj: 
time(dt = 100)		Re[003][P001]		Ang[003][P001]		
2000	5.45972  -20.0014  
4000	3.60579  -18.1405  
6000	4.77663  -15.0774  
8000	6.93335  -14.1351  
10000	10.7185  -15.1641  
12000	5.44724  -11.1593  
14000	4.13712  -7.06197  
16000	7.11666  -4.96902  
18000	9.45562  -2.65047  
20000	4.49274  0.387272  
 "Rg* 4": 00:00:00 --> 135.14 Tau/ms

time(dt = 100)		[F003][P000]	[F003][P001]	[F003][P040]	[F003][P080]	
1000 	0.114423  20.8407  12.3901  0.710554  
2000 	0.307152  62.1909  35.8037  2.02509  
3000 	0.502279  102.423  55.5114  3.80436  
4000 	0.632093  119.193  56.2668  5.5968  
5000 	0.700641  104.046  42.7792  7.2952  
6000 	0.742668  63.0785  23.1892  8.41886  
7000 	0.709586  23.4019  8.53821  9.18402  
8000 	0.656456  3.45209  8.3856  9.56726  
9000 	0.764687  19.2607  22.5845  9.72066  
10000 	0.884658  54.4755  33.5897  9.59378  
 "MSD": 00:00:00 --> 5431.83 Tau/ms

data from 003u.lammpstrj: 
time(dt = 100)		Re[003][P001]		Ang[003][P001]		
2000	5.45972  | 5.45972(ave)  	-20.0014  | -20.0014(ave)  	
4000	3.60579  | 3.60579(ave)  	-18.1405  | -18.1405(ave)  	
6000	4.77663  | 4.77663(ave)  	-15.0774  | -15.0774(ave)  	
8000	6.93335  | 6.93335(ave)  	-14.1351  | -14.1351(ave)  	
10000	10.7185  | 10.7185(ave)  	-15.1641  | -15.1641(ave)  	
12000	5.44724  | 5.44724(ave)  	-11.1593  | -11.1593(ave)  	
14000	4.13712  | 4.13712(ave)  	-7.06197  | -7.06197(ave)  	
16000	7.11666  | 7.11666(ave)  	-4.96902  | -4.96902(ave)  	
18000	9.45562  | 9.45562(ave)  	-2.65047  | -2.65047(ave)  	
20000	4.49274  | 4.49274(ave)  	0.387272  | 0.387272(ave)  	
 "Rg* 4": 00:00:00 --> 160.719 Tau/ms

time(dt = 100)		[F003][P000]	[F003][P001]	[F003][P040]	[F003][P080]	
1000 	0.114423  | 0.114423(ave)  	20.8407  | 20.8407(ave)  	12.3901  | 12.3901(ave)  	0.710554  | 0.710554(ave)  	
2000 	0.307152  | 0.307152(ave)  	62.1909  | 62.1909(ave)  	35.8037  | 35.8037(ave)  	2.02509  | 2.02509(ave)  	
3000 	0.502279  | 0.502279(ave)  	102.423  | 102.423(ave)  	55.5114  | 55.5114(ave)  	3.80436  | 3.80436(ave)  	
4000 	0.632093  | 0.632093(ave)  	119.193  | 119.193(ave)  	56.2668  | 56.2668(ave)  	5.5968  | 5.5968(ave)  	
5000 	0.700641  | 0.700641(ave)  	104.046  | 104.046(ave)  	42.7792  | 42.7792(ave)  	7.2952  | 7.2952(ave)  	
6000 	0.742668  | 0.742668(ave)  	63.0785  | 63.0785(ave)  	23.1892  | 23.1892(ave)  	8.41886  | 8.41886(ave)  	
7000 	0.709586  | 0.709586(ave)  	23.4019  | 23.4019(ave)  	8.53821  | 8.53821(ave)  	9.18402  | 9.18402(ave)  	
8000 	0.656456  | 0.656456(ave)  	3.45209  | 3.45209(ave)  	8.3856  | 8.3856(ave)  	9.56726  | 9.56726(ave)  	
9000 	0.764687  | 0.764687(ave)  	19.2607  | 19.2607(ave)  	22.5845  | 22.5845(ave)  	9.72066  | 9.72066(ave)  	
10000 	0.884658  | 0.884658(ave)  	54.4755  | 54.4755(ave)  	33.5897  | 33.5897(ave)  	9.59378  | 9.59378(ave)  	
 "MSD": 00:00:00 --> 5094.24 Tau/ms

time(dt = 100)		Re[003][P001]		Ang[003][P001]		MSD[003][P1577358850]		
 "Total": 00:00:00 --> 43.0674 Tau/ms
