Special WARNNING: 0th information of all vector is RESERVED 
Analyse from dana.cpp: 
Num_files = 1; nAtoms = 80; steps_frame  = 10000 * 10 (for cut[0]); 
md_dt = 0.001; RunTime = 100 * 10000 (Num_frames * steps_frame )

data from 001u.lammpstrj: 
time(dt = 100)		Rg[001]		Re[001]		Lcm[001]		Ang[001]		
1000	4.1496  | 4.1496(ave) 	6.1472  | 6.1472(ave) 	502.119  | 502.119(ave) 	-20.1783  | -20.1783(ave) 	
2000	4.21599  | 4.21599(ave) 	7.3738  | 7.3738(ave) 	-797.212  | -797.212(ave) 	-20.0014  | -20.0014(ave) 	
3000	4.11164  | 4.11164(ave) 	4.1882  | 4.1882(ave) 	431.245  | 431.245(ave) 	-18.5152  | -18.5152(ave) 	
4000	4.11889  | 4.11889(ave) 	4.4652  | 4.4652(ave) 	-456.843  | -456.843(ave) 	-18.1405  | -18.1405(ave) 	
5000	4.08728  | 4.08728(ave) 	5.2088  | 5.2088(ave) 	24.193  | 24.193(ave) 	-17.5967  | -17.5967(ave) 	
6000	3.95986  | 3.95986(ave) 	5.4566  | 5.4566(ave) 	623.646  | 623.646(ave) 	-15.0774  | -15.0774(ave) 	
7000	3.81558  | 3.81558(ave) 	5.0351  | 5.0351(ave) 	856.912  | 856.912(ave) 	-16.0559  | -16.0559(ave) 	
8000	4.00168  | 4.00168(ave) 	7.599  | 7.599(ave) 	1304.77  | 1304.77(ave) 	-14.1351  | -14.1351(ave) 	
9000	3.96253  | 3.96253(ave) 	13.2078  | 13.2078(ave) 	-5.07332  | -5.07332(ave) 	-14.997  | -14.997(ave) 	
10000	3.88069  | 3.88069(ave) 	14.704  | 14.704(ave) 	50.0659  | 50.0659(ave) 	-15.1641  | -15.1641(ave) 	
 "Rg* 4": 00:00:00 --> 126.191 Tau/ms

time(dt = 100)		MSD[001]		
500 	0.0279883  | 0.0279883(ave) 	
1000 	0.0762069  | 0.0762069(ave) 	
1500 	0.148012  | 0.148012(ave) 	
2000 	0.271689  | 0.271689(ave) 	
2500 	0.430005  | 0.430005(ave) 	
3000 	0.592255  | 0.592255(ave) 	
3500 	0.740362  | 0.740362(ave) 	
4000 	0.85877  | 0.85877(ave) 	
4500 	0.988  | 0.988(ave) 	
5000 	1.13391  | 1.13391(ave) 	
 "MSD": 00:00:00 --> 23094.7 Tau/ms

time(dt = 100)		Rg[001]		Re[001]		Lcm[001]		Ang[001]		
 "Total": 00:00:00 --> 110.004 Tau/ms
