"Opening": 001u.lammpstrj……
"ERROR": Cannot open 002u.lammpstrj
"ERROR": Cannot open 003u.lammpstrj
"ERROR": Cannot open 004u.lammpstrj
"ERROR": Cannot open 005u.lammpstrj
"ERROR": Cannot open 006u.lammpstrj
"ERROR": Cannot open 007u.lammpstrj
"ERROR": Cannot open 008u.lammpstrj
"ERROR": Cannot open 009u.lammpstrj
"ERROR": Cannot open 010u.lammpstrj
"ERROR": Cannot open 011u.lammpstrj
"ERROR": Cannot open 012u.lammpstrj
"ERROR": Cannot open 013u.lammpstrj
"ERROR": Cannot open 014u.lammpstrj
"ERROR": Cannot open 015u.lammpstrj
"ERROR": Cannot open 016u.lammpstrj
"ERROR": Cannot open 017u.lammpstrj
"ERROR": Cannot open 018u.lammpstrj
"ERROR": Cannot open 019u.lammpstrj
"ERROR": Cannot open 020u.lammpstrj
"Writing": 000.MSD.txt.MSD.txt
"Outputing": 000.MSD.log.MSD.log
"Time": 00:00:05
