"Output txt file name( 'MSD.000.txt' for default ): " 

Label for MSD( 'ave' for default & 'com or ave or all'): "
Label for output( 'cut' for default & 'cut or all'): "

"Number of files( '1' for default ): "

dimension = 2;
mass =1;
md_dt = 0.001;
framestep = 10000;

"Number of chains( '1' for default ): "
"Number of atoms( '25500' for single chain default ): "

"Number of frames( '1001' for default ): "
"Frames to delete( '500' for default ): "

"Opening": loopu.lammpstrj……

Information: 
  id type xu yu 

Effective Files: 1
Name                     Label Num     Max    
loopu.lammpstrj           001  1001    501     

"Writing": MSD.000.txt
"Outputing": 000.MSD.log

"Time": 00:07:44
