"Opening": 002u.lammpstrj……
time msd[001] ave
5 0.000417095 0.000417095 0.000397699 0.000397699 
10 0.0010115 0.0010115 0.000932657 0.000932657 
15 0.00177797 0.00177797 0.00160443 0.00160443 
20 0.00269381 0.00269381 0.00238931 0.00238931 
25 0.00373646 0.00373646 0.0032647 0.0032647 
30 0.00492818 0.00492818 0.00425293 0.00425293 
35 0.00628432 0.00628432 0.00537266 0.00537266 
40 0.00778819 0.00778819 0.00660652 0.00660652 
45 0.00946941 0.00946941 0.00799118 0.00799118 
50 0.0112884 0.0112884 0.00948673 0.00948673 
55 0.0132518 0.0132518 0.0110931 0.0110931 
60 0.0153867 0.0153867 0.0128408 0.0128408 
65 0.0176691 0.0176691 0.0147181 0.0147181 
70 0.0200869 0.0200869 0.0166963 0.0166963 
75 0.0226426 0.0226426 0.0187872 0.0187872 
80 0.0253334 0.0253334 0.0209993 0.0209993 
85 0.0282007 0.0282007 0.0233524 0.0233524 
90 0.0312046 0.0312046 0.0258127 0.0258127 
95 0.0343407 0.0343407 0.0284003 0.0284003 
100 0.0376261 0.0376261 0.0311028 0.0311028 
105 0.0410291 0.0410291 0.0339082 0.0339082 
110 0.0445592 0.0445592 0.0367962 0.0367962 
115 0.0482026 0.0482026 0.0397712 0.0397712 
120 0.0519958 0.0519958 0.0428568 0.0428568 
125 0.05594 0.05594 0.0460781 0.0460781 
130 0.0600083 0.0600083 0.0493884 0.0493884 
135 0.0642105 0.0642105 0.0528027 0.0528027 
140 0.0685626 0.0685626 0.0563296 0.0563296 
145 0.0730416 0.0730416 0.0599409 0.0599409 
150 0.0776423 0.0776423 0.0636305 0.0636305 
155 0.082366 0.082366 0.0673852 0.0673852 
160 0.0872258 0.0872258 0.071206 0.071206 
165 0.0922272 0.0922272 0.0751136 0.0751136 
170 0.0973372 0.0973372 0.0791263 0.0791263 
175 0.102593 0.102593 0.0832928 0.0832928 
180 0.107956 0.107956 0.0875757 0.0875757 
185 0.113452 0.113452 0.0919688 0.0919688 
190 0.119097 0.119097 0.0964889 0.0964889 
195 0.124835 0.124835 0.101118 0.101118 
200 0.130691 0.130691 0.105864 0.105864 
205 0.1367 0.1367 0.110727 0.110727 
210 0.142895 0.142895 0.115713 0.115713 
215 0.149193 0.149193 0.120821 0.120821 
220 0.155614 0.155614 0.126107 0.126107 
225 0.162136 0.162136 0.131523 0.131523 
230 0.168777 0.168777 0.13706 0.13706 
235 0.175503 0.175503 0.142718 0.142718 
240 0.182335 0.182335 0.148495 0.148495 
245 0.189308 0.189308 0.154407 0.154407 
250 0.196426 0.196426 0.160475 0.160475 
255 0.203672 0.203672 0.166705 0.166705 
260 0.211088 0.211088 0.173091 0.173091 
265 0.218671 0.218671 0.179597 0.179597 
270 0.226433 0.226433 0.186255 0.186255 
275 0.234337 0.234337 0.19298 0.19298 
280 0.242396 0.242396 0.199816 0.199816 
285 0.250564 0.250564 0.206753 0.206753 
290 0.258876 0.258876 0.213755 0.213755 
295 0.26728 0.26728 0.220845 0.220845 
300 0.275844 0.275844 0.228043 0.228043 
305 0.28455 0.28455 0.23537 0.23537 
310 0.293379 0.293379 0.242812 0.242812 
315 0.302338 0.302338 0.250357 0.250357 
320 0.311444 0.311444 0.258007 0.258007 
325 0.320743 0.320743 0.265766 0.265766 
330 0.330261 0.330261 0.273624 0.273624 
335 0.339876 0.339876 0.281626 0.281626 
340 0.349623 0.349623 0.289803 0.289803 
345 0.359529 0.359529 0.298094 0.298094 
350 0.369575 0.369575 0.306517 0.306517 
355 0.379782 0.379782 0.315066 0.315066 
360 0.390109 0.390109 0.323734 0.323734 
365 0.400566 0.400566 0.332519 0.332519 
370 0.411095 0.411095 0.341441 0.341441 
375 0.421822 0.421822 0.350494 0.350494 
380 0.432689 0.432689 0.359608 0.359608 
385 0.443749 0.443749 0.368859 0.368859 
390 0.454999 0.454999 0.378218 0.378218 
395 0.466393 0.466393 0.387687 0.387687 
400 0.477928 0.477928 0.397226 0.397226 
405 0.489662 0.489662 0.406874 0.406874 
410 0.50149 0.50149 0.416613 0.416613 
415 0.51347 0.51347 0.426401 0.426401 
420 0.525523 0.525523 0.436332 0.436332 
425 0.537736 0.537736 0.446369 0.446369 
430 0.550115 0.550115 0.456516 0.456516 
435 0.562676 0.562676 0.466777 0.466777 
440 0.5753 0.5753 0.477133 0.477133 
445 0.588066 0.588066 0.487617 0.487617 
450 0.60093 0.60093 0.498271 0.498271 
455 0.613942 0.613942 0.509043 0.509043 
460 0.627058 0.627058 0.51995 0.51995 
465 0.640331 0.640331 0.530959 0.530959 
470 0.653723 0.653723 0.542017 0.542017 
475 0.667333 0.667333 0.553149 0.553149 
480 0.680987 0.680987 0.564371 0.564371 
485 0.694791 0.694791 0.575712 0.575712 
490 0.708743 0.708743 0.587171 0.587171 
495 0.72282 0.72282 0.598786 0.598786 
500 0.736926 0.736926 0.610519 0.610519 
505 0.751269 0.751269 0.622337 0.622337 
510 0.765803 0.765803 0.634197 0.634197 
515 0.780334 0.780334 0.646185 0.646185 
520 0.794997 0.794997 0.658271 0.658271 
525 0.809736 0.809736 0.670502 0.670502 
530 0.824607 0.824607 0.682853 0.682853 
535 0.83967 0.83967 0.695283 0.695283 
540 0.854824 0.854824 0.707849 0.707849 
545 0.870237 0.870237 0.720543 0.720543 
550 0.885718 0.885718 0.733318 0.733318 
555 0.901276 0.901276 0.746233 0.746233 
560 0.917019 0.917019 0.759165 0.759165 
565 0.933011 0.933011 0.772136 0.772136 
570 0.949178 0.949178 0.785272 0.785272 
575 0.965442 0.965442 0.798493 0.798493 
580 0.981837 0.981837 0.811855 0.811855 
585 0.998385 0.998385 0.825276 0.825276 
590 1.01517 1.01517 0.838764 0.838764 
595 1.03213 1.03213 0.85237 0.85237 
600 1.04928 1.04928 0.866072 0.866072 
605 1.06655 1.06655 0.879905 0.879905 
610 1.08409 1.08409 0.893809 0.893809 
615 1.10188 1.10188 0.907695 0.907695 
620 1.11976 1.11976 0.921725 0.921725 
625 1.13785 1.13785 0.935843 0.935843 
630 1.15612 1.15612 0.950059 0.950059 
635 1.17457 1.17457 0.96443 0.96443 
640 1.19316 1.19316 0.978913 0.978913 
645 1.21178 1.21178 0.993522 0.993522 
650 1.23058 1.23058 1.00828 1.00828 
655 1.2495 1.2495 1.02315 1.02315 
660 1.2686 1.2686 1.03812 1.03812 
665 1.28794 1.28794 1.05313 1.05313 
670 1.30736 1.30736 1.06819 1.06819 
675 1.32685 1.32685 1.08346 1.08346 
680 1.34656 1.34656 1.09881 1.09881 
685 1.36636 1.36636 1.11434 1.11434 
690 1.38618 1.38618 1.13009 1.13009 
695 1.40611 1.40611 1.14588 1.14588 
700 1.42625 1.42625 1.16177 1.16177 
705 1.44658 1.44658 1.17776 1.17776 
710 1.46703 1.46703 1.1939 1.1939 
715 1.48766 1.48766 1.2101 1.2101 
720 1.50849 1.50849 1.22637 1.22637 
725 1.52946 1.52946 1.24277 1.24277 
730 1.55048 1.55048 1.25936 1.25936 
735 1.57167 1.57167 1.27595 1.27595 
740 1.59302 1.59302 1.29257 1.29257 
745 1.61444 1.61444 1.30931 1.30931 
750 1.636 1.636 1.32613 1.32613 
755 1.65769 1.65769 1.343 1.343 
760 1.67946 1.67946 1.36001 1.36001 
765 1.70141 1.70141 1.37708 1.37708 
770 1.72356 1.72356 1.39421 1.39421 
775 1.74589 1.74589 1.41141 1.41141 
780 1.76836 1.76836 1.4287 1.4287 
785 1.79098 1.79098 1.4462 1.4462 
790 1.8136 1.8136 1.46385 1.46385 
795 1.83636 1.83636 1.4816 1.4816 
800 1.85935 1.85935 1.4994 1.4994 
805 1.88249 1.88249 1.51727 1.51727 
810 1.90571 1.90571 1.53521 1.53521 
815 1.92901 1.92901 1.55325 1.55325 
820 1.95228 1.95228 1.5714 1.5714 
825 1.97568 1.97568 1.58973 1.58973 
830 1.99932 1.99932 1.60813 1.60813 
835 2.02315 2.02315 1.62657 1.62657 
840 2.04703 2.04703 1.64508 1.64508 
845 2.07089 2.07089 1.66381 1.66381 
850 2.09491 2.09491 1.68263 1.68263 
855 2.11903 2.11903 1.70153 1.70153 
860 2.14326 2.14326 1.72057 1.72057 
865 2.16774 2.16774 1.73963 1.73963 
870 2.1922 2.1922 1.75891 1.75891 
875 2.21679 2.21679 1.7783 1.7783 
880 2.24143 2.24143 1.79774 1.79774 
885 2.2663 2.2663 1.81723 1.81723 
890 2.29121 2.29121 1.83688 1.83688 
895 2.31629 2.31629 1.85664 1.85664 
900 2.34133 2.34133 1.87658 1.87658 
905 2.36654 2.36654 1.89661 1.89661 
910 2.39182 2.39182 1.91678 1.91678 
915 2.41727 2.41727 1.93699 1.93699 
920 2.44287 2.44287 1.95725 1.95725 
925 2.46861 2.46861 1.97762 1.97762 
930 2.49458 2.49458 1.99803 1.99803 
935 2.52062 2.52062 2.01858 2.01858 
940 2.54662 2.54662 2.03928 2.03928 
945 2.57278 2.57278 2.06012 2.06012 
950 2.59901 2.59901 2.08113 2.08113 
955 2.62534 2.62534 2.1022 2.1022 
960 2.65183 2.65183 2.12325 2.12325 
965 2.67845 2.67845 2.14443 2.14443 
970 2.70518 2.70518 2.16577 2.16577 
975 2.73212 2.73212 2.18712 2.18712 
980 2.75907 2.75907 2.20844 2.20844 
985 2.78632 2.78632 2.22978 2.22978 
990 2.81367 2.81367 2.25114 2.25114 
995 2.84132 2.84132 2.27243 2.27243 
1000 2.86896 2.86896 2.2939 2.2939 
1005 2.89668 2.89668 2.31549 2.31549 
1010 2.9245 2.9245 2.33717 2.33717 
1015 2.9524 2.9524 2.35895 2.35895 
1020 2.98043 2.98043 2.38082 2.38082 
1025 3.00873 3.00873 2.40278 2.40278 
1030 3.03711 3.03711 2.42481 2.42481 
1035 3.06567 3.06567 2.44695 2.44695 
1040 3.09438 3.09438 2.46915 2.46915 
1045 3.12332 3.12332 2.49141 2.49141 
1050 3.15256 3.15256 2.5137 2.5137 
1055 3.18186 3.18186 2.53613 2.53613 
1060 3.21126 3.21126 2.55861 2.55861 
1065 3.24085 3.24085 2.58108 2.58108 
1070 3.27063 3.27063 2.60358 2.60358 
1075 3.30047 3.30047 2.62617 2.62617 
1080 3.33033 3.33033 2.64886 2.64886 
1085 3.36032 3.36032 2.67161 2.67161 
1090 3.39052 3.39052 2.69422 2.69422 
1095 3.42068 3.42068 2.71705 2.71705 
1100 3.4512 3.4512 2.73975 2.73975 
1105 3.48195 3.48195 2.76248 2.76248 
1110 3.5128 3.5128 2.78526 2.78526 
1115 3.54377 3.54377 2.80809 2.80809 
1120 3.57474 3.57474 2.83104 2.83104 
1125 3.60572 3.60572 2.85413 2.85413 
1130 3.637 3.637 2.87731 2.87731 
1135 3.66834 3.66834 2.90064 2.90064 
1140 3.69983 3.69983 2.92397 2.92397 
1145 3.73143 3.73143 2.94749 2.94749 
1150 3.76309 3.76309 2.97114 2.97114 
1155 3.79502 3.79502 2.99477 2.99477 
1160 3.82699 3.82699 3.01855 3.01855 
1165 3.85927 3.85927 3.04229 3.04229 
1170 3.89183 3.89183 3.06599 3.06599 
1175 3.92464 3.92464 3.08977 3.08977 
1180 3.95765 3.95765 3.11361 3.11361 
1185 3.99078 3.99078 3.13757 3.13757 
1190 4.02404 4.02404 3.16163 3.16163 
1195 4.05742 4.05742 3.18571 3.18571 
1200 4.09121 4.09121 3.20972 3.20972 
1205 4.1251 4.1251 3.23376 3.23376 
1210 4.15913 4.15913 3.25793 3.25793 
1215 4.1933 4.1933 3.28211 3.28211 
1220 4.2278 4.2278 3.30623 3.30623 
1225 4.2625 4.2625 3.3303 3.3303 
1230 4.29732 4.29732 3.35446 3.35446 
1235 4.33212 4.33212 3.3787 3.3787 
1240 4.3668 4.3668 3.40322 3.40322 
1245 4.4015 4.4015 3.42779 3.42779 
1250 4.43614 4.43614 3.45266 3.45266 
1255 4.4713 4.4713 3.47746 3.47746 
1260 4.50667 4.50667 3.5023 3.5023 
1265 4.54204 4.54204 3.5273 3.5273 
1270 4.5777 4.5777 3.55232 3.55232 
1275 4.61347 4.61347 3.57737 3.57737 
1280 4.64942 4.64942 3.60249 3.60249 
1285 4.68546 4.68546 3.62768 3.62768 
1290 4.72168 4.72168 3.65293 3.65293 
1295 4.75816 4.75816 3.67821 3.67821 
1300 4.79508 4.79508 3.70342 3.70342 
1305 4.83215 4.83215 3.72873 3.72873 
1310 4.86938 4.86938 3.75408 3.75408 
1315 4.90677 4.90677 3.77952 3.77952 
1320 4.94431 4.94431 3.8051 3.8051 
1325 4.9818 4.9818 3.83085 3.83085 
1330 5.01933 5.01933 3.85681 3.85681 
1335 5.05698 5.05698 3.88275 3.88275 
1340 5.09483 5.09483 3.90861 3.90861 
1345 5.13277 5.13277 3.93454 3.93454 
1350 5.17076 5.17076 3.9606 3.9606 
1355 5.20881 5.20881 3.98679 3.98679 
1360 5.2466 5.2466 4.01322 4.01322 
1365 5.2845 5.2845 4.03974 4.03974 
1370 5.32243 5.32243 4.06636 4.06636 
1375 5.3605 5.3605 4.09307 4.09307 
1380 5.39853 5.39853 4.11991 4.11991 
1385 5.43659 5.43659 4.14687 4.14687 
1390 5.47493 5.47493 4.17377 4.17377 
1395 5.51338 5.51338 4.2006 4.2006 
1400 5.55197 5.55197 4.22748 4.22748 
1405 5.59071 5.59071 4.25438 4.25438 
1410 5.62933 5.62933 4.28152 4.28152 
1415 5.66817 5.66817 4.30871 4.30871 
1420 5.707 5.707 4.33604 4.33604 
1425 5.74578 5.74578 4.36352 4.36352 
1430 5.78465 5.78465 4.3911 4.3911 
1435 5.8236 5.8236 4.41875 4.41875 
1440 5.86278 5.86278 4.44633 4.44633 
1445 5.90235 5.90235 4.47369 4.47369 
1450 5.94214 5.94214 4.50108 4.50108 
1455 5.98187 5.98187 4.52854 4.52854 
1460 6.02192 6.02192 4.55591 4.55591 
1465 6.06209 6.06209 4.58334 4.58334 
1470 6.10245 6.10245 4.61067 4.61067 
1475 6.1427 6.1427 4.63816 4.63816 
1480 6.18301 6.18301 4.66579 4.66579 
1485 6.2237 6.2237 4.6933 4.6933 
1490 6.26463 6.26463 4.72076 4.72076 
1495 6.30572 6.30572 4.74827 4.74827 
1500 6.34706 6.34706 4.77571 4.77571 
1505 6.38788 6.38788 4.80718 4.80718 
1510 6.42873 6.42873 4.83878 4.83878 
1515 6.46975 6.46975 4.87028 4.87028 
1520 6.51089 6.51089 4.90195 4.90195 
1525 6.55198 6.55198 4.93386 4.93386 
1530 6.59324 6.59324 4.9658 4.9658 
1535 6.63471 6.63471 4.99773 4.99773 
1540 6.67611 6.67611 5.02987 5.02987 
1545 6.71732 6.71732 5.06227 5.06227 
1550 6.75886 6.75886 5.09476 5.09476 
1555 6.80055 6.80055 5.12728 5.12728 
1560 6.84283 6.84283 5.15956 5.15956 
1565 6.88509 6.88509 5.19199 5.19199 
1570 6.92745 6.92745 5.22456 5.22456 
1575 6.97001 6.97001 5.25726 5.25726 
1580 7.01253 7.01253 5.29015 5.29015 
1585 7.05501 7.05501 5.32328 5.32328 
1590 7.09767 7.09767 5.35652 5.35652 
1595 7.14039 7.14039 5.38993 5.38993 
1600 7.18315 7.18315 5.42352 5.42352 
1605 7.226 7.226 5.45723 5.45723 
1610 7.26905 7.26905 5.49109 5.49109 
1615 7.31226 7.31226 5.52514 5.52514 
1620 7.35553 7.35553 5.55937 5.55937 
1625 7.39871 7.39871 5.59385 5.59385 
1630 7.44227 7.44227 5.62838 5.62838 
1635 7.48588 7.48588 5.66314 5.66314 
1640 7.52974 7.52974 5.69792 5.69792 
1645 7.57383 7.57383 5.73275 5.73275 
1650 7.6178 7.6178 5.76776 5.76776 
1655 7.66178 7.66178 5.80288 5.80288 
1660 7.70603 7.70603 5.83802 5.83802 
1665 7.75036 7.75036 5.87333 5.87333 
1670 7.79504 7.79504 5.90868 5.90868 
1675 7.84003 7.84003 5.94406 5.94406 
1680 7.88518 7.88518 5.97951 5.97951 
1685 7.93048 7.93048 6.01497 6.01497 
1690 7.97631 7.97631 6.05022 6.05022 
1695 8.02222 8.02222 6.08546 6.08546 
1700 8.06847 8.06847 6.12053 6.12053 
1705 8.11477 8.11477 6.15578 6.15578 
1710 8.16146 8.16146 6.1909 6.1909 
1715 8.20839 8.20839 6.22598 6.22598 
1720 8.25526 8.25526 6.26121 6.26121 
1725 8.30207 8.30207 6.29676 6.29676 
1730 8.34914 8.34914 6.3324 6.3324 
1735 8.3966 8.3966 6.36787 6.36787 
1740 8.44413 8.44413 6.40337 6.40337 
1745 8.49213 8.49213 6.43866 6.43866 
1750 8.54046 8.54046 6.47392 6.47392 
1755 8.58903 8.58903 6.50921 6.50921 
1760 8.63797 8.63797 6.54444 6.54444 
1765 8.68728 8.68728 6.57969 6.57969 
1770 8.73676 8.73676 6.61498 6.61498 
1775 8.78634 8.78634 6.65028 6.65028 
1780 8.83611 8.83611 6.68566 6.68566 
1785 8.88619 8.88619 6.72101 6.72101 
1790 8.93631 8.93631 6.75647 6.75647 
1795 8.98661 8.98661 6.79219 6.79219 
1800 9.03677 9.03677 6.82806 6.82806 
1805 9.08701 9.08701 6.86409 6.86409 
1810 9.13729 9.13729 6.90009 6.90009 
1815 9.18778 9.18778 6.93613 6.93613 
1820 9.2386 9.2386 6.97214 6.97214 
1825 9.28925 9.28925 7.00841 7.00841 
1830 9.34012 9.34012 7.04477 7.04477 
1835 9.39093 9.39093 7.0813 7.0813 
1840 9.4416 9.4416 7.11803 7.11803 
1845 9.49243 9.49243 7.15486 7.15486 
1850 9.54331 9.54331 7.19185 7.19185 
1855 9.59451 9.59451 7.22897 7.22897 
1860 9.64566 9.64566 7.26641 7.26641 
1865 9.69655 9.69655 7.30413 7.30413 
1870 9.74762 9.74762 7.34189 7.34189 
1875 9.79885 9.79885 7.37983 7.37983 
1880 9.85017 9.85017 7.41788 7.41788 
1885 9.9017 9.9017 7.45588 7.45588 
1890 9.95301 9.95301 7.49442 7.49442 
1895 10.0044 10.0044 7.53304 7.53304 
1900 10.0562 10.0562 7.5714 7.5714 
1905 10.1079 10.1079 7.60994 7.60994 
1910 10.1596 10.1596 7.64883 7.64883 
1915 10.2112 10.2112 7.6879 7.6879 
1920 10.263 10.263 7.72687 7.72687 
1925 10.315 10.315 7.76591 7.76591 
1930 10.3674 10.3674 7.80488 7.80488 
1935 10.4203 10.4203 7.84376 7.84376 
1940 10.4734 10.4734 7.88266 7.88266 
1945 10.5262 10.5262 7.92178 7.92178 
1950 10.5791 10.5791 7.9611 7.9611 
1955 10.632 10.632 8.00056 8.00056 
1960 10.6848 10.6848 8.04015 8.04015 
1965 10.7381 10.7381 8.07979 8.07979 
1970 10.7915 10.7915 8.11952 8.11952 
1975 10.845 10.845 8.15921 8.15921 
1980 10.899 10.899 8.19879 8.19879 
1985 10.9527 10.9527 8.23873 8.23873 
1990 11.0065 11.0065 8.27881 8.27881 
1995 11.0602 11.0602 8.31909 8.31909 
2000 11.1143 11.1143 8.35938 8.35938 
2005 11.1685 11.1685 8.3998 8.3998 
2010 11.2228 11.2228 8.44041 8.44041 
2015 11.2771 11.2771 8.48109 8.48109 
2020 11.3319 11.3319 8.52168 8.52168 
2025 11.387 11.387 8.56223 8.56223 
2030 11.442 11.442 8.60303 8.60303 
2035 11.4973 11.4973 8.6438 8.6438 
2040 11.5529 11.5529 8.68448 8.68448 
2045 11.6083 11.6083 8.72542 8.72542 
2050 11.6639 11.6639 8.76646 8.76646 
2055 11.7194 11.7194 8.80773 8.80773 
2060 11.7751 11.7751 8.84896 8.84896 
2065 11.8307 11.8307 8.89027 8.89027 
2070 11.8864 11.8864 8.9317 8.9317 
2075 11.9419 11.9419 8.97337 8.97337 
2080 11.9977 11.9977 9.01498 9.01498 
2085 12.0538 12.0538 9.05652 9.05652 
2090 12.1102 12.1102 9.09806 9.09806 
2095 12.1666 12.1666 9.13977 9.13977 
2100 12.2229 12.2229 9.18182 9.18182 
2105 12.2794 12.2794 9.22403 9.22403 
2110 12.3363 12.3363 9.26626 9.26626 
2115 12.3939 12.3939 9.30814 9.30814 
2120 12.4516 12.4516 9.35042 9.35042 
2125 12.5094 12.5094 9.3927 9.3927 
2130 12.5674 12.5674 9.4351 9.4351 
2135 12.6258 12.6258 9.47739 9.47739 
2140 12.6844 12.6844 9.51971 9.51971 
2145 12.743 12.743 9.56221 9.56221 
2150 12.8018 12.8018 9.60459 9.60459 
2155 12.8602 12.8602 9.64755 9.64755 
2160 12.9185 12.9185 9.69062 9.69062 
2165 12.9767 12.9767 9.73381 9.73381 
2170 13.035 13.035 9.77716 9.77716 
2175 13.0937 13.0937 9.82068 9.82068 
2180 13.1523 13.1523 9.8646 9.8646 
2185 13.2113 13.2113 9.90886 9.90886 
2190 13.2709 13.2709 9.95292 9.95292 
2195 13.3305 13.3305 9.99726 9.99726 
2200 13.39 13.39 10.042 10.042 
2205 13.4499 13.4499 10.0868 10.0868 
2210 13.5099 13.5099 10.1319 10.1319 
2215 13.5701 13.5701 10.177 10.177 
2220 13.6306 13.6306 10.2221 10.2221 
2225 13.6909 13.6909 10.2676 10.2676 
2230 13.7515 13.7515 10.3132 10.3132 
2235 13.8123 13.8123 10.359 10.359 
2240 13.8728 13.8728 10.4051 10.4051 
2245 13.9333 13.9333 10.4515 10.4515 
2250 13.994 13.994 10.4981 10.4981 
2255 14.055 14.055 10.5448 10.5448 
2260 14.116 14.116 10.5918 10.5918 
2265 14.1776 14.1776 10.6385 10.6385 
2270 14.2394 14.2394 10.6853 10.6853 
2275 14.3014 14.3014 10.7322 10.7322 
2280 14.3635 14.3635 10.7793 10.7793 
2285 14.4255 14.4255 10.8268 10.8268 
2290 14.4878 14.4878 10.8744 10.8744 
2295 14.5503 14.5503 10.922 10.922 
2300 14.6126 14.6126 10.9699 10.9699 
2305 14.6751 14.6751 11.0177 11.0177 
2310 14.738 14.738 11.0654 11.0654 
2315 14.8012 14.8012 11.113 11.113 
2320 14.8647 14.8647 11.1605 11.1605 
2325 14.9282 14.9282 11.2081 11.2081 
2330 14.9919 14.9919 11.2555 11.2555 
2335 15.0558 15.0558 11.303 11.303 
2340 15.1197 15.1197 11.3506 11.3506 
2345 15.1834 15.1834 11.3984 11.3984 
2350 15.2472 15.2472 11.4461 11.4461 
2355 15.3114 15.3114 11.4937 11.4937 
2360 15.3758 15.3758 11.5412 11.5412 
2365 15.4404 15.4404 11.5886 11.5886 
2370 15.505 15.505 11.6363 11.6363 
2375 15.5697 15.5697 11.6839 11.6839 
2380 15.6347 15.6347 11.7314 11.7314 
2385 15.7001 15.7001 11.7785 11.7785 
2390 15.7659 15.7659 11.8255 11.8255 
2395 15.8316 15.8316 11.8727 11.8727 
2400 15.8973 15.8973 11.9198 11.9198 
2405 15.963 15.963 11.9671 11.9671 
2410 16.0289 16.0289 12.0142 12.0142 
2415 16.095 16.095 12.0613 12.0613 
2420 16.1613 16.1613 12.1086 12.1086 
2425 16.2275 16.2275 12.1562 12.1562 
2430 16.294 16.294 12.2037 12.2037 
2435 16.3607 16.3607 12.2513 12.2513 
2440 16.4275 16.4275 12.2992 12.2992 
2445 16.4941 16.4941 12.3473 12.3473 
2450 16.5611 16.5611 12.3954 12.3954 
2455 16.6283 16.6283 12.4436 12.4436 
2460 16.6956 16.6956 12.4918 12.4918 
2465 16.7631 16.7631 12.54 12.54 
2470 16.8308 16.8308 12.5884 12.5884 
2475 16.8987 16.8987 12.6368 12.6368 
2480 16.9668 16.9668 12.6852 12.6852 
2485 17.035 17.035 12.7339 12.7339 
2490 17.1033 17.1033 12.7825 12.7825 
2495 17.1718 17.1718 12.8311 12.8311 
2500 17.2401 17.2401 12.88 12.88 
2505 17.3084 17.3084 12.9292 12.9292 
2510 17.3765 17.3765 12.9788 12.9788 
2515 17.4446 17.4446 13.0286 13.0286 
2520 17.5128 17.5128 13.0785 13.0785 
2525 17.581 17.581 13.1285 13.1285 
2530 17.6494 17.6494 13.1786 13.1786 
2535 17.7182 17.7182 13.2287 13.2287 
2540 17.7873 17.7873 13.2789 13.2789 
2545 17.8567 17.8567 13.3292 13.3292 
2550 17.9261 17.9261 13.3798 13.3798 
2555 17.9956 17.9956 13.4306 13.4306 
2560 18.0654 18.0654 13.4813 13.4813 
2565 18.1352 18.1352 13.5324 13.5324 
2570 18.205 18.205 13.5838 13.5838 
2575 18.2752 18.2752 13.6353 13.6353 
2580 18.3454 18.3454 13.687 13.687 
2585 18.4156 18.4156 13.7391 13.7391 
2590 18.4859 18.4859 13.7914 13.7914 
2595 18.5563 18.5563 13.8436 13.8436 
2600 18.6272 18.6272 13.8954 13.8954 
2605 18.6981 18.6981 13.9474 13.9474 
2610 18.7691 18.7691 13.9993 13.9993 
2615 18.84 18.84 14.0516 14.0516 
2620 18.9115 18.9115 14.1037 14.1037 
2625 18.9834 18.9834 14.1556 14.1556 
2630 19.0556 19.0556 14.2075 14.2075 
2635 19.1281 19.1281 14.2596 14.2596 
2640 19.2004 19.2004 14.3118 14.3118 
2645 19.2729 19.2729 14.3642 14.3642 
2650 19.3455 19.3455 14.4165 14.4165 
2655 19.4185 19.4185 14.4686 14.4686 
2660 19.4917 19.4917 14.5205 14.5205 
2665 19.5648 19.5648 14.5729 14.5729 
2670 19.6377 19.6377 14.6255 14.6255 
2675 19.7111 19.7111 14.6781 14.6781 
2680 19.7847 19.7847 14.7306 14.7306 
2685 19.8582 19.8582 14.7831 14.7831 
2690 19.9323 19.9323 14.8353 14.8353 
2695 20.0067 20.0067 14.8871 14.8871 
2700 20.0817 20.0817 14.9386 14.9386 
2705 20.1569 20.1569 14.99 14.99 
2710 20.2318 20.2318 15.0421 15.0421 
2715 20.3073 20.3073 15.0939 15.0939 
2720 20.383 20.383 15.1459 15.1459 
2725 20.4583 20.4583 15.1982 15.1982 
2730 20.5339 20.5339 15.2502 15.2502 
2735 20.6096 20.6096 15.3023 15.3023 
2740 20.6853 20.6853 15.3544 15.3544 
2745 20.7617 20.7617 15.4063 15.4063 
2750 20.838 20.838 15.4586 15.4586 
2755 20.9148 20.9148 15.5105 15.5105 
2760 20.9919 20.9919 15.5626 15.5626 
2765 21.0688 21.0688 15.6149 15.6149 
2770 21.1454 21.1454 15.6678 15.6678 
2775 21.2222 21.2222 15.7206 15.7206 
2780 21.299 21.299 15.7734 15.7734 
2785 21.3756 21.3756 15.8266 15.8266 
2790 21.4528 21.4528 15.8797 15.8797 
2795 21.53 21.53 15.9332 15.9332 
2800 21.6073 21.6073 15.9872 15.9872 
2805 21.685 21.685 16.0408 16.0408 
2810 21.7624 21.7624 16.0953 16.0953 
2815 21.8398 21.8398 16.15 16.15 
2820 21.9181 21.9181 16.2042 16.2042 
2825 21.9967 21.9967 16.2585 16.2585 
2830 22.0751 22.0751 16.3133 16.3133 
2835 22.1539 22.1539 16.3681 16.3681 
2840 22.233 22.233 16.4232 16.4232 
2845 22.312 22.312 16.4785 16.4785 
2850 22.3908 22.3908 16.5342 16.5342 
2855 22.4689 22.4689 16.5905 16.5905 
2860 22.5472 22.5472 16.6467 16.6467 
2865 22.6255 22.6255 16.7032 16.7032 
2870 22.704 22.704 16.7602 16.7602 
2875 22.7833 22.7833 16.8171 16.8171 
2880 22.863 22.863 16.8741 16.8741 
2885 22.9427 22.9427 16.9311 16.9311 
2890 23.0226 23.0226 16.9886 16.9886 
2895 23.1037 23.1037 17.0456 17.0456 
2900 23.1852 23.1852 17.1025 17.1025 
2905 23.2669 23.2669 17.1594 17.1594 
2910 23.3485 23.3485 17.2169 17.2169 
2915 23.4297 23.4297 17.2748 17.2748 
2920 23.5113 23.5113 17.333 17.333 
2925 23.5937 23.5937 17.3911 17.3911 
2930 23.6765 23.6765 17.449 17.449 
2935 23.7594 23.7594 17.5072 17.5072 
2940 23.8425 23.8425 17.5656 17.5656 
2945 23.9255 23.9255 17.6242 17.6242 
2950 24.0091 24.0091 17.6824 17.6824 
2955 24.0924 24.0924 17.7413 17.7413 
2960 24.1759 24.1759 17.8001 17.8001 
2965 24.2592 24.2592 17.8593 17.8593 
2970 24.343 24.343 17.9182 17.9182 
2975 24.4273 24.4273 17.9768 17.9768 
2980 24.5113 24.5113 18.0358 18.0358 
2985 24.5958 24.5958 18.0949 18.0949 
2990 24.681 24.681 18.1535 18.1535 
2995 24.7664 24.7664 18.2121 18.2121 
3000 24.8515 24.8515 18.2713 18.2713 
3005 24.9365 24.9365 18.3307 18.3307 
3010 25.0223 25.0223 18.3896 18.3896 
3015 25.1075 25.1075 18.4491 18.4491 
3020 25.1924 25.1924 18.5089 18.5089 
3025 25.2767 25.2767 18.5695 18.5695 
3030 25.3615 25.3615 18.6295 18.6295 
3035 25.4465 25.4465 18.6894 18.6894 
3040 25.532 25.532 18.7494 18.7494 
3045 25.6176 25.6176 18.8093 18.8093 
3050 25.7029 25.7029 18.8696 18.8696 
3055 25.7877 25.7877 18.9304 18.9304 
3060 25.8729 25.8729 18.9912 18.9912 
3065 25.9573 25.9573 19.0525 19.0525 
3070 26.0421 26.0421 19.1137 19.1137 
3075 26.1278 26.1278 19.1745 19.1745 
3080 26.2143 26.2143 19.2349 19.2349 
3085 26.3008 26.3008 19.2952 19.2952 
3090 26.3874 26.3874 19.3556 19.3556 
3095 26.4732 26.4732 19.4164 19.4164 
3100 26.5585 26.5585 19.4777 19.4777 
3105 26.6433 26.6433 19.5398 19.5398 
3110 26.7289 26.7289 19.6013 19.6013 
3115 26.8146 26.8146 19.6627 19.6627 
3120 26.8993 26.8993 19.7251 19.7251 
3125 26.9845 26.9845 19.7871 19.7871 
3130 27.0693 27.0693 19.8491 19.8491 
3135 27.1541 27.1541 19.9115 19.9115 
3140 27.2395 27.2395 19.9737 19.9737 
3145 27.3241 27.3241 20.0367 20.0367 
3150 27.4085 27.4085 20.0998 20.0998 
3155 27.4934 27.4934 20.1626 20.1626 
3160 27.5782 27.5782 20.2257 20.2257 
3165 27.6631 27.6631 20.289 20.289 
3170 27.7481 27.7481 20.3526 20.3526 
3175 27.8329 27.8329 20.4165 20.4165 
3180 27.9178 27.9178 20.4805 20.4805 
3185 28.0021 28.0021 20.545 20.545 
3190 28.0873 28.0873 20.6092 20.6092 
3195 28.1731 28.1731 20.6736 20.6736 
3200 28.2591 28.2591 20.7378 20.7378 
3205 28.345 28.345 20.8019 20.8019 
3210 28.4306 28.4306 20.8663 20.8663 
3215 28.516 28.516 20.9313 20.9313 
3220 28.6011 28.6011 20.9964 20.9964 
3225 28.6865 28.6865 21.0615 21.0615 
3230 28.7723 28.7723 21.1262 21.1262 
3235 28.8578 28.8578 21.1912 21.1912 
3240 28.9438 28.9438 21.2561 21.2561 
3245 29.0307 29.0307 21.3206 21.3206 
3250 29.1185 29.1185 21.3847 21.3847 
3255 29.2069 29.2069 21.4484 21.4484 
3260 29.2961 29.2961 21.5118 21.5118 
3265 29.3868 29.3868 21.5741 21.5741 
3270 29.4775 29.4775 21.6363 21.6363 
3275 29.5695 29.5695 21.6979 21.6979 
3280 29.6621 29.6621 21.7595 21.7595 
3285 29.7542 29.7542 21.8218 21.8218 
3290 29.846 29.846 21.8845 21.8845 
3295 29.9383 29.9383 21.947 21.947 
3300 30.0316 30.0316 22.0089 22.0089 
3305 30.1249 30.1249 22.0713 22.0713 
3310 30.219 30.219 22.1332 22.1332 
3315 30.3136 30.3136 22.1948 22.1948 
3320 30.4097 30.4097 22.2553 22.2553 
3325 30.5062 30.5062 22.3157 22.3157 
3330 30.6027 30.6027 22.3758 22.3758 
3335 30.6999 30.6999 22.4356 22.4356 
3340 30.7978 30.7978 22.4946 22.4946 
3345 30.8957 30.8957 22.5537 22.5537 
3350 30.9939 30.9939 22.6124 22.6124 
3355 31.092 31.092 22.6718 22.6718 
3360 31.1894 31.1894 22.7322 22.7322 
3365 31.2874 31.2874 22.7922 22.7922 
3370 31.3858 31.3858 22.8519 22.8519 
3375 31.4842 31.4842 22.9119 22.9119 
3380 31.5834 31.5834 22.9716 22.9716 
3385 31.6822 31.6822 23.032 23.032 
3390 31.7806 31.7806 23.0929 23.0929 
3395 31.8791 31.8791 23.1543 23.1543 
3400 31.9782 31.9782 23.2155 23.2155 
3405 32.077 32.077 23.2768 23.2768 
3410 32.1754 32.1754 23.3387 23.3387 
3415 32.2738 32.2738 23.4013 23.4013 
3420 32.3727 32.3727 23.4636 23.4636 
3425 32.4709 32.4709 23.5266 23.5266 
3430 32.5688 32.5688 23.5898 23.5898 
3435 32.6674 32.6674 23.6525 23.6525 
3440 32.7658 32.7658 23.7155 23.7155 
3445 32.8637 32.8637 23.7793 23.7793 
3450 32.9637 32.9637 23.8417 23.8417 
3455 33.0648 33.0648 23.9034 23.9034 
3460 33.1669 33.1669 23.9646 23.9646 
3465 33.2677 33.2677 24.0265 24.0265 
3470 33.3676 33.3676 24.0893 24.0893 
3475 33.4673 33.4673 24.1524 24.1524 
3480 33.5668 33.5668 24.216 24.216 
3485 33.6652 33.6652 24.2808 24.2808 
3490 33.7636 33.7636 24.3458 24.3458 
3495 33.8623 33.8623 24.4106 24.4106 
3500 33.9605 33.9605 24.4755 24.4755 
"Time": 00:00:00
"Writing": MSD_chain_3.0.txt
"Output": MSD_chain_3.0.log
